DomainNumber: 173
Range Number: 170
wordnet_academician_109759069 -> wordnet_educator_110045713
wordnet_educator_110045713 -> wordnet_professional_110480253
wordnet_professional_110480253 -> wordnet_adult_109605289
wordnet_adult_109605289 -> wordnet_person_100007846
type: wordnet_academician_109759069 True 


wordnet_actor_109765278 -> wordnet_performer_110415638
wordnet_performer_110415638 -> wordnet_entertainer_109616922
wordnet_entertainer_109616922 -> wordnet_person_100007846
type: wordnet_actor_109765278 True 


wordnet_admiral_109771204 -> wordnet_flag_officer_110094584
wordnet_flag_officer_110094584 -> wordnet_commissioned_naval_officer_109943541
wordnet_commissioned_naval_officer_109943541 -> wordnet_commissioned_officer_109942970
wordnet_commissioned_officer_109942970 -> wordnet_military_officer_110317007
wordnet_military_officer_110317007 -> wordnet_serviceman_110582746
wordnet_serviceman_110582746 -> wordnet_skilled_worker_110605985
wordnet_skilled_worker_110605985 -> wordnet_worker_109632518
wordnet_worker_109632518 -> wordnet_person_100007846
type: wordnet_admiral_109771204 True 


wordnet_adviser_109774266 -> wordnet_authority_109824361
wordnet_authority_109824361 -> wordnet_expert_109617867
wordnet_expert_109617867 -> wordnet_person_100007846
type: wordnet_adviser_109774266 True 


wordnet_advocate_109774783 -> wordnet_person_100007846
type: wordnet_advocate_109774783 True 


wordnet_agency_108337324 -> wordnet_administrative_unit_108077292
wordnet_administrative_unit_108077292 -> wordnet_unit_108189659
wordnet_unit_108189659 -> wordnet_organization_108008335
wordnet_organization_108008335 -> yagoPermanentlyLocatedEntity
yagoPermanentlyLocatedEntity -> wl:Thin
wordnet_organization_108008335 -> yagoLegalActor
yagoLegalActor -> yagoLegalActorGeo
yagoLegalActorGeo -> wl:Thin
wordnet_organization_108008335 -> wordnet_social_group_107950920
wordnet_social_group_107950920 -> wordnet_group_100031264
wordnet_group_100031264 -> wordnet_abstraction_100002137
wordnet_abstraction_100002137 -> wl:Thin
type: wordnet_agency_108337324 False 


wordnet_album_106591815 -> wordnet_medium_106254669
wordnet_medium_106254669 -> wordnet_instrumentality_103575240
wordnet_instrumentality_103575240 -> wordnet_artifact_100021939
wordnet_artifact_100021939 -> wordnet_whole_100003553
wordnet_whole_100003553 -> wordnet_object_100002684
wordnet_object_100002684 -> wordnet_physical_entity_100001930
wordnet_physical_entity_100001930 -> wl:Thin
type: wordnet_album_106591815 False 


wordnet_algorithm_105847438 -> wordnet_rule_105846932
wordnet_rule_105846932 -> wordnet_procedure_101023820
wordnet_procedure_101023820 -> wordnet_activity_100407535
wordnet_activity_100407535 -> wordnet_act_100030358
wordnet_act_100030358 -> wordnet_event_100029378
wordnet_event_100029378 -> wordnet_psychological_feature_100023100
wordnet_psychological_feature_100023100 -> wordnet_abstraction_100002137
wordnet_abstraction_100002137 -> wl:Thin
wordnet_event_100029378 -> yagoPermanentlyLocatedEntity
yagoPermanentlyLocatedEntity -> wl:Thin
type: wordnet_algorithm_105847438 False 


wordnet_ambassador_109787534 -> wordnet_diplomat_110013927
wordnet_diplomat_110013927 -> wordnet_official_110372373
wordnet_official_110372373 -> wordnet_skilled_worker_110605985
wordnet_skilled_worker_110605985 -> wordnet_worker_109632518
wordnet_worker_109632518 -> wordnet_person_100007846
type: wordnet_ambassador_109787534 True 


wordnet_anthropologist_109796323 -> wordnet_social_scientist_110619642
wordnet_social_scientist_110619642 -> wordnet_scientist_110560637
wordnet_scientist_110560637 -> wordnet_person_100007846
type: wordnet_anthropologist_109796323 True 


wordnet_architect_109805475 -> wordnet_creator_109614315
wordnet_creator_109614315 -> wordnet_person_100007846
type: wordnet_architect_109805475 True 


wordnet_aristocrat_109807754 -> wordnet_leader_109623038
wordnet_leader_109623038 -> wordnet_person_100007846
type: wordnet_aristocrat_109807754 True 


wordnet_artifact_100021939 -> wordnet_whole_100003553
wordnet_whole_100003553 -> wordnet_object_100002684
wordnet_object_100002684 -> wordnet_physical_entity_100001930
wordnet_physical_entity_100001930 -> wl:Thin
type: wordnet_artifact_100021939 False 


wordnet_artist_109812338 -> wordnet_creator_109614315
wordnet_creator_109614315 -> wordnet_person_100007846
type: wordnet_artist_109812338 True 


wordnet_astronaut_109818022 -> wordnet_traveler_109629752
wordnet_traveler_109629752 -> wordnet_person_100007846
type: wordnet_astronaut_109818022 True 


wordnet_atheist_109820044 -> wordnet_disbeliever_110015897
wordnet_disbeliever_110015897 -> wordnet_nonreligious_person_109625789
wordnet_nonreligious_person_109625789 -> wordnet_person_100007846
type: wordnet_atheist_109820044 True 


wordnet_athlete_109820263 -> wordnet_contestant_109613191
wordnet_contestant_109613191 -> wordnet_person_100007846
type: wordnet_athlete_109820263 True 


wordnet_atmospheric_phenomenon_111425580 -> wordnet_physical_phenomenon_111419404
wordnet_physical_phenomenon_111419404 -> wordnet_natural_phenomenon_111408559
wordnet_natural_phenomenon_111408559 -> wordnet_phenomenon_100034213
wordnet_phenomenon_100034213 -> wordnet_process_100029677
wordnet_process_100029677 -> wordnet_physical_entity_100001930
wordnet_physical_entity_100001930 -> wl:Thin
type: wordnet_atmospheric_phenomenon_111425580 False 


wordnet_attack_100972621 -> wordnet_operation_100955060
wordnet_operation_100955060 -> wordnet_activity_100407535
wordnet_activity_100407535 -> wordnet_act_100030358
wordnet_act_100030358 -> wordnet_event_100029378
wordnet_event_100029378 -> wordnet_psychological_feature_100023100
wordnet_psychological_feature_100023100 -> wordnet_abstraction_100002137
wordnet_abstraction_100002137 -> wl:Thin
wordnet_event_100029378 -> yagoPermanentlyLocatedEntity
yagoPermanentlyLocatedEntity -> wl:Thin
type: wordnet_attack_100972621 False 


wordnet_aviator_109826204 -> wordnet_skilled_worker_110605985
wordnet_skilled_worker_110605985 -> wordnet_worker_109632518
wordnet_worker_109632518 -> wordnet_person_100007846
type: wordnet_aviator_109826204 True 


wordnet_ballplayer_109835506 -> wordnet_athlete_109820263
wordnet_athlete_109820263 -> wordnet_contestant_109613191
wordnet_contestant_109613191 -> wordnet_person_100007846
type: wordnet_ballplayer_109835506 True 


wordnet_banker_109837824 -> wordnet_financier_110090020
wordnet_financier_110090020 -> wordnet_capitalist_109609232
wordnet_capitalist_109609232 -> wordnet_person_100007846
type: wordnet_banker_109837824 True 


wordnet_basketball_player_109842047 -> wordnet_athlete_109820263
wordnet_athlete_109820263 -> wordnet_contestant_109613191
wordnet_contestant_109613191 -> wordnet_person_100007846
type: wordnet_basketball_player_109842047 True 


wordnet_battle_100953559 -> wordnet_military_action_100952963
wordnet_military_action_100952963 -> wordnet_group_action_101080366
wordnet_group_action_101080366 -> wordnet_act_100030358
wordnet_act_100030358 -> wordnet_event_100029378
wordnet_event_100029378 -> wordnet_psychological_feature_100023100
wordnet_psychological_feature_100023100 -> wordnet_abstraction_100002137
wordnet_abstraction_100002137 -> wl:Thin
wordnet_event_100029378 -> yagoPermanentlyLocatedEntity
yagoPermanentlyLocatedEntity -> wl:Thin
wordnet_group_action_101080366 -> wordnet_event_100029378
wordnet_event_100029378 -> wordnet_psychological_feature_100023100
wordnet_psychological_feature_100023100 -> wordnet_abstraction_100002137
wordnet_abstraction_100002137 -> wl:Thin
wordnet_event_100029378 -> yagoPermanentlyLocatedEntity
yagoPermanentlyLocatedEntity -> wl:Thin
type: wordnet_battle_100953559 False 


wordnet_biologist_109855630 -> wordnet_scientist_110560637
wordnet_scientist_110560637 -> wordnet_person_100007846
type: wordnet_biologist_109855630 True 


wordnet_book_106410904 -> wordnet_publication_106589574
wordnet_publication_106589574 -> wordnet_work_104599396
wordnet_work_104599396 -> wordnet_product_104007894
wordnet_product_104007894 -> wordnet_creation_103129123
wordnet_creation_103129123 -> wordnet_artifact_100021939
wordnet_artifact_100021939 -> wordnet_whole_100003553
wordnet_whole_100003553 -> wordnet_object_100002684
wordnet_object_100002684 -> wordnet_physical_entity_100001930
wordnet_physical_entity_100001930 -> wl:Thin
type: wordnet_book_106410904 False 


wordnet_boxer_109870208 -> wordnet_combatant_109939313
wordnet_combatant_109939313 -> wordnet_person_100007846
type: wordnet_boxer_109870208 True 


wordnet_bridge_102898711 -> wordnet_structure_104341686
wordnet_structure_104341686 -> wordnet_artifact_100021939
wordnet_artifact_100021939 -> wordnet_whole_100003553
wordnet_whole_100003553 -> wordnet_object_100002684
wordnet_object_100002684 -> wordnet_physical_entity_100001930
wordnet_physical_entity_100001930 -> wl:Thin
wordnet_structure_104341686 -> yagoGeoEntity
yagoGeoEntity -> yagoPermanentlyLocatedEntity
yagoPermanentlyLocatedEntity -> wl:Thin
type: wordnet_bridge_102898711 False 


wordnet_businessman_109882007 -> wordnet_businessperson_109882716
wordnet_businessperson_109882716 -> wordnet_capitalist_109609232
wordnet_capitalist_109609232 -> wordnet_person_100007846
type: wordnet_businessman_109882007 True 


wordnet_businessperson_109882716 -> wordnet_capitalist_109609232
wordnet_capitalist_109609232 -> wordnet_person_100007846
type: wordnet_businessperson_109882716 True 


wordnet_catastrophe_114476290 -> wordnet_adversity_114475661
wordnet_adversity_114475661 -> wordnet_misfortune_114475405
wordnet_misfortune_114475405 -> wordnet_fortune_114473222
wordnet_fortune_114473222 -> wordnet_condition_113920429
wordnet_condition_113920429 -> wordnet_state_100024720
wordnet_state_100024720 -> wordnet_attribute_100024264
wordnet_attribute_100024264 -> wordnet_abstraction_100002137
wordnet_abstraction_100002137 -> wl:Thin
type: wordnet_catastrophe_114476290 False 


wordnet_chemist_109913824 -> wordnet_scientist_110560637
wordnet_scientist_110560637 -> wordnet_person_100007846
type: wordnet_chemist_109913824 True 


wordnet_city_108524735 -> wordnet_municipality_108626283
wordnet_municipality_108626283 -> wordnet_administrative_district_108491826
wordnet_administrative_district_108491826 -> wordnet_district_108552138
wordnet_district_108552138 -> wordnet_region_108630985
wordnet_region_108630985 -> wordnet_location_100027167
wordnet_location_100027167 -> yagoLegalActorGeo
yagoLegalActorGeo -> wl:Thin
wordnet_location_100027167 -> yagoGeoEntity
yagoGeoEntity -> yagoPermanentlyLocatedEntity
yagoPermanentlyLocatedEntity -> wl:Thin
wordnet_location_100027167 -> wordnet_object_100002684
wordnet_object_100002684 -> wordnet_physical_entity_100001930
wordnet_physical_entity_100001930 -> wl:Thin
wordnet_municipality_108626283 -> wordnet_urban_area_108675967
wordnet_urban_area_108675967 -> wordnet_geographical_area_108574314
wordnet_geographical_area_108574314 -> wordnet_region_108630985
wordnet_region_108630985 -> wordnet_location_100027167
wordnet_location_100027167 -> yagoLegalActorGeo
yagoLegalActorGeo -> wl:Thin
wordnet_location_100027167 -> yagoGeoEntity
yagoGeoEntity -> yagoPermanentlyLocatedEntity
yagoPermanentlyLocatedEntity -> wl:Thin
wordnet_location_100027167 -> wordnet_object_100002684
wordnet_object_100002684 -> wordnet_physical_entity_100001930
wordnet_physical_entity_100001930 -> wl:Thin
type: wordnet_city_108524735 False 


wordnet_coach_109931640 -> wordnet_trainer_110722575
wordnet_trainer_110722575 -> wordnet_leader_109623038
wordnet_leader_109623038 -> wordnet_person_100007846
type: wordnet_coach_109931640 True 


wordnet_comedian_109940146 -> wordnet_performer_110415638
wordnet_performer_110415638 -> wordnet_entertainer_109616922
wordnet_entertainer_109616922 -> wordnet_person_100007846
type: wordnet_comedian_109940146 True 


wordnet_company_108058098 -> wordnet_institution_108053576
wordnet_institution_108053576 -> wordnet_organization_108008335
wordnet_organization_108008335 -> yagoPermanentlyLocatedEntity
yagoPermanentlyLocatedEntity -> wl:Thin
wordnet_organization_108008335 -> yagoLegalActor
yagoLegalActor -> yagoLegalActorGeo
yagoLegalActorGeo -> wl:Thin
wordnet_organization_108008335 -> wordnet_social_group_107950920
wordnet_social_group_107950920 -> wordnet_group_100031264
wordnet_group_100031264 -> wordnet_abstraction_100002137
wordnet_abstraction_100002137 -> wl:Thin
type: wordnet_company_108058098 False 


wordnet_composer_109947232 -> wordnet_musician_110339966
wordnet_musician_110339966 -> wordnet_artist_109812338
wordnet_artist_109812338 -> wordnet_creator_109614315
wordnet_creator_109614315 -> wordnet_person_100007846
type: wordnet_composer_109947232 True 


wordnet_computer_game_100458890 -> wordnet_game_100430606
wordnet_game_100430606 -> wordnet_diversion_100426928
wordnet_diversion_100426928 -> wordnet_activity_100407535
wordnet_activity_100407535 -> wordnet_act_100030358
wordnet_act_100030358 -> wordnet_event_100029378
wordnet_event_100029378 -> wordnet_psychological_feature_100023100
wordnet_psychological_feature_100023100 -> wordnet_abstraction_100002137
wordnet_abstraction_100002137 -> wl:Thin
wordnet_event_100029378 -> yagoPermanentlyLocatedEntity
yagoPermanentlyLocatedEntity -> wl:Thin
type: wordnet_computer_game_100458890 False 


wordnet_conference_108308497 -> wordnet_meeting_108307589
wordnet_meeting_108307589 -> wordnet_gathering_107975026
wordnet_gathering_107975026 -> wordnet_social_group_107950920
wordnet_social_group_107950920 -> wordnet_group_100031264
wordnet_group_100031264 -> wordnet_abstraction_100002137
wordnet_abstraction_100002137 -> wl:Thin
type: wordnet_conference_108308497 False 


wordnet_conflict_100958896 -> wordnet_group_action_101080366
wordnet_group_action_101080366 -> wordnet_act_100030358
wordnet_act_100030358 -> wordnet_event_100029378
wordnet_event_100029378 -> wordnet_psychological_feature_100023100
wordnet_psychological_feature_100023100 -> wordnet_abstraction_100002137
wordnet_abstraction_100002137 -> wl:Thin
wordnet_event_100029378 -> yagoPermanentlyLocatedEntity
yagoPermanentlyLocatedEntity -> wl:Thin
wordnet_group_action_101080366 -> wordnet_event_100029378
wordnet_event_100029378 -> wordnet_psychological_feature_100023100
wordnet_psychological_feature_100023100 -> wordnet_abstraction_100002137
wordnet_abstraction_100002137 -> wl:Thin
wordnet_event_100029378 -> yagoPermanentlyLocatedEntity
yagoPermanentlyLocatedEntity -> wl:Thin
type: wordnet_conflict_100958896 False 


wordnet_consequence_111410625 -> wordnet_phenomenon_100034213
wordnet_phenomenon_100034213 -> wordnet_process_100029677
wordnet_process_100029677 -> wordnet_physical_entity_100001930
wordnet_physical_entity_100001930 -> wl:Thin
type: wordnet_consequence_111410625 False 


wordnet_country_108544813 -> wordnet_administrative_district_108491826
wordnet_administrative_district_108491826 -> wordnet_district_108552138
wordnet_district_108552138 -> wordnet_region_108630985
wordnet_region_108630985 -> wordnet_location_100027167
wordnet_location_100027167 -> yagoLegalActorGeo
yagoLegalActorGeo -> wl:Thin
wordnet_location_100027167 -> yagoGeoEntity
yagoGeoEntity -> yagoPermanentlyLocatedEntity
yagoPermanentlyLocatedEntity -> wl:Thin
wordnet_location_100027167 -> wordnet_object_100002684
wordnet_object_100002684 -> wordnet_physical_entity_100001930
wordnet_physical_entity_100001930 -> wl:Thin
type: wordnet_country_108544813 False 


wordnet_cricketer_109977326 -> wordnet_athlete_109820263
wordnet_athlete_109820263 -> wordnet_contestant_109613191
wordnet_contestant_109613191 -> wordnet_person_100007846
type: wordnet_cricketer_109977326 True 


wordnet_crime_100766234 -> wordnet_transgression_100745005
wordnet_transgression_100745005 -> wordnet_wrongdoing_100732746
wordnet_wrongdoing_100732746 -> wordnet_activity_100407535
wordnet_activity_100407535 -> wordnet_act_100030358
wordnet_act_100030358 -> wordnet_event_100029378
wordnet_event_100029378 -> wordnet_psychological_feature_100023100
wordnet_psychological_feature_100023100 -> wordnet_abstraction_100002137
wordnet_abstraction_100002137 -> wl:Thin
wordnet_event_100029378 -> yagoPermanentlyLocatedEntity
yagoPermanentlyLocatedEntity -> wl:Thin
type: wordnet_crime_100766234 False 


wordnet_criminal_109977660 -> wordnet_principal_110474950
wordnet_principal_110474950 -> wordnet_wrongdoer_109633969
wordnet_wrongdoer_109633969 -> wordnet_bad_person_109831962
wordnet_bad_person_109831962 -> wordnet_person_100007846
type: wordnet_criminal_109977660 True 


wordnet_cyclist_109986189 -> wordnet_pedaler_110411163
wordnet_pedaler_110411163 -> wordnet_rider_110529965
wordnet_rider_110529965 -> wordnet_traveler_109629752
wordnet_traveler_109629752 -> wordnet_person_100007846
type: wordnet_cyclist_109986189 True 


wordnet_dam_103160309 -> wordnet_barrier_102796623
wordnet_barrier_102796623 -> wordnet_obstruction_103839993
wordnet_obstruction_103839993 -> wordnet_structure_104341686
wordnet_structure_104341686 -> wordnet_artifact_100021939
wordnet_artifact_100021939 -> wordnet_whole_100003553
wordnet_whole_100003553 -> wordnet_object_100002684
wordnet_object_100002684 -> wordnet_physical_entity_100001930
wordnet_physical_entity_100001930 -> wl:Thin
wordnet_structure_104341686 -> yagoGeoEntity
yagoGeoEntity -> yagoPermanentlyLocatedEntity
yagoPermanentlyLocatedEntity -> wl:Thin
type: wordnet_dam_103160309 False 


wordnet_dancer_109989502 -> wordnet_performer_110415638
wordnet_performer_110415638 -> wordnet_entertainer_109616922
wordnet_entertainer_109616922 -> wordnet_person_100007846
type: wordnet_dancer_109989502 True 


wordnet_desert_108505573 -> wordnet_tract_108673395
wordnet_tract_108673395 -> wordnet_geographical_area_108574314
wordnet_geographical_area_108574314 -> wordnet_region_108630985
wordnet_region_108630985 -> wordnet_location_100027167
wordnet_location_100027167 -> yagoLegalActorGeo
yagoLegalActorGeo -> wl:Thin
wordnet_location_100027167 -> yagoGeoEntity
yagoGeoEntity -> yagoPermanentlyLocatedEntity
yagoPermanentlyLocatedEntity -> wl:Thin
wordnet_location_100027167 -> wordnet_object_100002684
wordnet_object_100002684 -> wordnet_physical_entity_100001930
wordnet_physical_entity_100001930 -> wl:Thin
wordnet_desert_108505573 -> wordnet_biome_107941945
wordnet_biome_107941945 -> wordnet_community_107941729
wordnet_community_107941729 -> wordnet_group_100031264
wordnet_group_100031264 -> wordnet_abstraction_100002137
wordnet_abstraction_100002137 -> wl:Thin
type: wordnet_desert_108505573 False 


wordnet_device_103183080 -> wordnet_instrumentality_103575240
wordnet_instrumentality_103575240 -> wordnet_artifact_100021939
wordnet_artifact_100021939 -> wordnet_whole_100003553
wordnet_whole_100003553 -> wordnet_object_100002684
wordnet_object_100002684 -> wordnet_physical_entity_100001930
wordnet_physical_entity_100001930 -> wl:Thin
type: wordnet_device_103183080 False 


wordnet_diplomat_110013927 -> wordnet_official_110372373
wordnet_official_110372373 -> wordnet_skilled_worker_110605985
wordnet_skilled_worker_110605985 -> wordnet_worker_109632518
wordnet_worker_109632518 -> wordnet_person_100007846
type: wordnet_diplomat_110013927 True 


wordnet_director_110014939 -> wordnet_administrator_109770949
wordnet_administrator_109770949 -> wordnet_head_110162991
wordnet_head_110162991 -> wordnet_leader_109623038
wordnet_leader_109623038 -> wordnet_person_100007846
type: wordnet_director_110014939 True 


wordnet_disk_jockey_110017272 -> wordnet_broadcaster_109875786
wordnet_broadcaster_109875786 -> wordnet_communicator_109610660
wordnet_communicator_109610660 -> wordnet_person_100007846
type: wordnet_disk_jockey_110017272 True 


wordnet_doctor_110020890 -> wordnet_medical_practitioner_110305802
wordnet_medical_practitioner_110305802 -> wordnet_health_professional_110165109
wordnet_health_professional_110165109 -> wordnet_professional_110480253
wordnet_professional_110480253 -> wordnet_adult_109605289
wordnet_adult_109605289 -> wordnet_person_100007846
type: wordnet_doctor_110020890 True 


wordnet_drummer_110036929 -> wordnet_percussionist_110415037
wordnet_percussionist_110415037 -> wordnet_musician_110340312
wordnet_musician_110340312 -> wordnet_musician_110339966
wordnet_musician_110339966 -> wordnet_artist_109812338
wordnet_artist_109812338 -> wordnet_creator_109614315
wordnet_creator_109614315 -> wordnet_person_100007846
type: wordnet_drummer_110036929 True 


wordnet_duke_110038620 -> wordnet_peer_110412910
wordnet_peer_110412910 -> wordnet_noble_110271677
wordnet_noble_110271677 -> wordnet_male_aristocrat_110285135
wordnet_male_aristocrat_110285135 -> wordnet_aristocrat_109807754
wordnet_aristocrat_109807754 -> wordnet_leader_109623038
wordnet_leader_109623038 -> wordnet_person_100007846
type: wordnet_duke_110038620 True 


wordnet_economist_110043643 -> wordnet_social_scientist_110619642
wordnet_social_scientist_110619642 -> wordnet_scientist_110560637
wordnet_scientist_110560637 -> wordnet_person_100007846
type: wordnet_economist_110043643 True 


wordnet_editor_110044879 -> wordnet_skilled_worker_110605985
wordnet_skilled_worker_110605985 -> wordnet_worker_109632518
wordnet_worker_109632518 -> wordnet_person_100007846
type: wordnet_editor_110044879 True 


wordnet_election_100181781 -> wordnet_vote_100182213
wordnet_vote_100182213 -> wordnet_group_action_101080366
wordnet_group_action_101080366 -> wordnet_act_100030358
wordnet_act_100030358 -> wordnet_event_100029378
wordnet_event_100029378 -> wordnet_psychological_feature_100023100
wordnet_psychological_feature_100023100 -> wordnet_abstraction_100002137
wordnet_abstraction_100002137 -> wl:Thin
wordnet_event_100029378 -> yagoPermanentlyLocatedEntity
yagoPermanentlyLocatedEntity -> wl:Thin
wordnet_group_action_101080366 -> wordnet_event_100029378
wordnet_event_100029378 -> wordnet_psychological_feature_100023100
wordnet_psychological_feature_100023100 -> wordnet_abstraction_100002137
wordnet_abstraction_100002137 -> wl:Thin
wordnet_event_100029378 -> yagoPermanentlyLocatedEntity
yagoPermanentlyLocatedEntity -> wl:Thin
type: wordnet_election_100181781 False 


wordnet_emperor_110053004 -> wordnet_sovereign_110628644
wordnet_sovereign_110628644 -> wordnet_head_of_state_110164747
wordnet_head_of_state_110164747 -> wordnet_representative_110522035
wordnet_representative_110522035 -> wordnet_negotiator_110351874
wordnet_negotiator_110351874 -> wordnet_communicator_109610660
wordnet_communicator_109610660 -> wordnet_person_100007846
type: wordnet_emperor_110053004 True 


wordnet_engineer_109615807 -> wordnet_person_100007846
type: wordnet_engineer_109615807 True 


wordnet_enterprise_108056231 -> wordnet_organization_108008335
wordnet_organization_108008335 -> yagoPermanentlyLocatedEntity
yagoPermanentlyLocatedEntity -> wl:Thin
wordnet_organization_108008335 -> yagoLegalActor
yagoLegalActor -> yagoLegalActorGeo
yagoLegalActorGeo -> wl:Thin
wordnet_organization_108008335 -> wordnet_social_group_107950920
wordnet_social_group_107950920 -> wordnet_group_100031264
wordnet_group_100031264 -> wordnet_abstraction_100002137
wordnet_abstraction_100002137 -> wl:Thin
type: wordnet_enterprise_108056231 False 


wordnet_event_100029378 -> wordnet_psychological_feature_100023100
wordnet_psychological_feature_100023100 -> wordnet_abstraction_100002137
wordnet_abstraction_100002137 -> wl:Thin
wordnet_event_100029378 -> yagoPermanentlyLocatedEntity
yagoPermanentlyLocatedEntity -> wl:Thin
type: wordnet_event_100029378 False 


wordnet_executive_110069645 -> wordnet_administrator_109770949
wordnet_administrator_109770949 -> wordnet_head_110162991
wordnet_head_110162991 -> wordnet_leader_109623038
wordnet_leader_109623038 -> wordnet_person_100007846
type: wordnet_executive_110069645 True 


wordnet_exile_110071332 -> wordnet_absentee_109757653
wordnet_absentee_109757653 -> wordnet_traveler_109629752
wordnet_traveler_109629752 -> wordnet_person_100007846
type: wordnet_exile_110071332 True 


wordnet_explorer_110072708 -> wordnet_person_100007846
type: wordnet_explorer_110072708 True 


wordnet_festival_115162388 -> wordnet_time_period_115113229
wordnet_time_period_115113229 -> wordnet_fundamental_quantity_113575869
wordnet_fundamental_quantity_113575869 -> wordnet_measure_100033615
wordnet_measure_100033615 -> wordnet_abstraction_100002137
wordnet_abstraction_100002137 -> wl:Thin
type: wordnet_festival_115162388 False 


wordnet_football_player_110101634 -> wordnet_athlete_109820263
wordnet_athlete_109820263 -> wordnet_contestant_109613191
wordnet_contestant_109613191 -> wordnet_person_100007846
type: wordnet_football_player_110101634 True 


wordnet_garden_103417345 -> wordnet_plot_108674739
wordnet_plot_108674739 -> wordnet_tract_108673395
wordnet_tract_108673395 -> wordnet_geographical_area_108574314
wordnet_geographical_area_108574314 -> wordnet_region_108630985
wordnet_region_108630985 -> wordnet_location_100027167
wordnet_location_100027167 -> yagoLegalActorGeo
yagoLegalActorGeo -> wl:Thin
wordnet_location_100027167 -> yagoGeoEntity
yagoGeoEntity -> yagoPermanentlyLocatedEntity
yagoPermanentlyLocatedEntity -> wl:Thin
wordnet_location_100027167 -> wordnet_object_100002684
wordnet_object_100002684 -> wordnet_physical_entity_100001930
wordnet_physical_entity_100001930 -> wl:Thin
type: wordnet_garden_103417345 False 


wordnet_governor_110140314 -> wordnet_politician_110451263
wordnet_politician_110451263 -> wordnet_leader_109623038
wordnet_leader_109623038 -> wordnet_person_100007846
type: wordnet_governor_110140314 True 


wordnet_guitarist_110151760 -> wordnet_musician_110340312
wordnet_musician_110340312 -> wordnet_musician_110339966
wordnet_musician_110339966 -> wordnet_artist_109812338
wordnet_artist_109812338 -> wordnet_creator_109614315
wordnet_creator_109614315 -> wordnet_person_100007846
type: wordnet_guitarist_110151760 True 


wordnet_head_of_state_110164747 -> wordnet_representative_110522035
wordnet_representative_110522035 -> wordnet_negotiator_110351874
wordnet_negotiator_110351874 -> wordnet_communicator_109610660
wordnet_communicator_109610660 -> wordnet_person_100007846
type: wordnet_head_of_state_110164747 True 


wordnet_hill_109303008 -> wordnet_natural_elevation_109366317
wordnet_natural_elevation_109366317 -> wordnet_geological_formation_109287968
wordnet_geological_formation_109287968 -> yagoGeoEntity
yagoGeoEntity -> yagoPermanentlyLocatedEntity
yagoPermanentlyLocatedEntity -> wl:Thin
wordnet_geological_formation_109287968 -> wordnet_object_100002684
wordnet_object_100002684 -> wordnet_physical_entity_100001930
wordnet_physical_entity_100001930 -> wl:Thin
type: wordnet_hill_109303008 False 


wordnet_historian_110177150 -> wordnet_scholar_110557854
wordnet_scholar_110557854 -> wordnet_intellectual_109621545
wordnet_intellectual_109621545 -> wordnet_person_100007846
type: wordnet_historian_110177150 True 


wordnet_hockey_player_110179291 -> wordnet_player_110439851
wordnet_player_110439851 -> wordnet_contestant_109613191
wordnet_contestant_109613191 -> wordnet_person_100007846
type: wordnet_hockey_player_110179291 True 


wordnet_hurricane_111467018 -> wordnet_cyclone_111443721
wordnet_cyclone_111443721 -> wordnet_windstorm_111527014
wordnet_windstorm_111527014 -> wordnet_storm_111462526
wordnet_storm_111462526 -> wordnet_atmospheric_phenomenon_111425580
wordnet_atmospheric_phenomenon_111425580 -> wordnet_physical_phenomenon_111419404
wordnet_physical_phenomenon_111419404 -> wordnet_natural_phenomenon_111408559
wordnet_natural_phenomenon_111408559 -> wordnet_phenomenon_100034213
wordnet_phenomenon_100034213 -> wordnet_process_100029677
wordnet_process_100029677 -> wordnet_physical_entity_100001930
wordnet_physical_entity_100001930 -> wl:Thin
type: wordnet_hurricane_111467018 False 


wordnet_immigrant_110199489 -> wordnet_migrant_110314952
wordnet_migrant_110314952 -> wordnet_traveler_109629752
wordnet_traveler_109629752 -> wordnet_person_100007846
type: wordnet_immigrant_110199489 True 


wordnet_institute_108407330 -> wordnet_association_108049401
wordnet_association_108049401 -> wordnet_organization_108008335
wordnet_organization_108008335 -> yagoPermanentlyLocatedEntity
yagoPermanentlyLocatedEntity -> wl:Thin
wordnet_organization_108008335 -> yagoLegalActor
yagoLegalActor -> yagoLegalActorGeo
yagoLegalActorGeo -> wl:Thin
wordnet_organization_108008335 -> wordnet_social_group_107950920
wordnet_social_group_107950920 -> wordnet_group_100031264
wordnet_group_100031264 -> wordnet_abstraction_100002137
wordnet_abstraction_100002137 -> wl:Thin
type: wordnet_institute_108407330 False 


wordnet_invasion_100976531 -> wordnet_penetration_100975452
wordnet_penetration_100975452 -> wordnet_attack_100972621
wordnet_attack_100972621 -> wordnet_operation_100955060
wordnet_operation_100955060 -> wordnet_activity_100407535
wordnet_activity_100407535 -> wordnet_act_100030358
wordnet_act_100030358 -> wordnet_event_100029378
wordnet_event_100029378 -> wordnet_psychological_feature_100023100
wordnet_psychological_feature_100023100 -> wordnet_abstraction_100002137
wordnet_abstraction_100002137 -> wl:Thin
wordnet_event_100029378 -> yagoPermanentlyLocatedEntity
yagoPermanentlyLocatedEntity -> wl:Thin
type: wordnet_invasion_100976531 False 


wordnet_inventor_110214637 -> wordnet_creator_109614315
wordnet_creator_109614315 -> wordnet_person_100007846
type: wordnet_inventor_110214637 True 


wordnet_island_103587318 -> wordnet_zone_108688247
wordnet_zone_108688247 -> wordnet_topographic_point_108664443
wordnet_topographic_point_108664443 -> wordnet_point_108620061
wordnet_point_108620061 -> wordnet_location_100027167
wordnet_location_100027167 -> yagoLegalActorGeo
yagoLegalActorGeo -> wl:Thin
wordnet_location_100027167 -> yagoGeoEntity
yagoGeoEntity -> yagoPermanentlyLocatedEntity
yagoPermanentlyLocatedEntity -> wl:Thin
wordnet_location_100027167 -> wordnet_object_100002684
wordnet_object_100002684 -> wordnet_physical_entity_100001930
wordnet_physical_entity_100001930 -> wl:Thin
type: wordnet_island_103587318 False 


wordnet_journalist_110224578 -> wordnet_writer_110794014
wordnet_writer_110794014 -> wordnet_communicator_109610660
wordnet_communicator_109610660 -> wordnet_person_100007846
type: wordnet_journalist_110224578 True 


wordnet_judge_110225219 -> wordnet_official_110372373
wordnet_official_110372373 -> wordnet_skilled_worker_110605985
wordnet_skilled_worker_110605985 -> wordnet_worker_109632518
wordnet_worker_109632518 -> wordnet_person_100007846
type: wordnet_judge_110225219 True 


wordnet_jurist_110227985 -> wordnet_expert_109617867
wordnet_expert_109617867 -> wordnet_person_100007846
type: wordnet_jurist_110227985 True 


wordnet_king_110231515 -> wordnet_sovereign_110628644
wordnet_sovereign_110628644 -> wordnet_head_of_state_110164747
wordnet_head_of_state_110164747 -> wordnet_representative_110522035
wordnet_representative_110522035 -> wordnet_negotiator_110351874
wordnet_negotiator_110351874 -> wordnet_communicator_109610660
wordnet_communicator_109610660 -> wordnet_person_100007846
type: wordnet_king_110231515 True 


wordnet_knight_110238375 -> wordnet_male_aristocrat_110285135
wordnet_male_aristocrat_110285135 -> wordnet_aristocrat_109807754
wordnet_aristocrat_109807754 -> wordnet_leader_109623038
wordnet_leader_109623038 -> wordnet_person_100007846
type: wordnet_knight_110238375 True 


wordnet_lake_109328904 -> wordnet_body_of_water_109225146
wordnet_body_of_water_109225146 -> yagoGeoEntity
yagoGeoEntity -> yagoPermanentlyLocatedEntity
yagoPermanentlyLocatedEntity -> wl:Thin
wordnet_body_of_water_109225146 -> wordnet_thing_100002452
wordnet_thing_100002452 -> wordnet_physical_entity_100001930
wordnet_physical_entity_100001930 -> wl:Thin
type: wordnet_lake_109328904 False 


wordnet_lawgiver_110249270 -> wordnet_leader_109623038
wordnet_leader_109623038 -> wordnet_person_100007846
type: wordnet_lawgiver_110249270 True 


wordnet_lawyer_110249950 -> wordnet_professional_110480253
wordnet_professional_110480253 -> wordnet_adult_109605289
wordnet_adult_109605289 -> wordnet_person_100007846
type: wordnet_lawyer_110249950 True 


wordnet_league_108231184 -> wordnet_association_108049401
wordnet_association_108049401 -> wordnet_organization_108008335
wordnet_organization_108008335 -> yagoPermanentlyLocatedEntity
yagoPermanentlyLocatedEntity -> wl:Thin
wordnet_organization_108008335 -> yagoLegalActor
yagoLegalActor -> yagoLegalActorGeo
yagoLegalActorGeo -> wl:Thin
wordnet_organization_108008335 -> wordnet_social_group_107950920
wordnet_social_group_107950920 -> wordnet_group_100031264
wordnet_group_100031264 -> wordnet_abstraction_100002137
wordnet_abstraction_100002137 -> wl:Thin
type: wordnet_league_108231184 False 


wordnet_linguist_110264437 -> wordnet_scientist_110560637
wordnet_scientist_110560637 -> wordnet_person_100007846
type: wordnet_linguist_110264437 True 


wordnet_manufacturer_110292316 -> wordnet_maker_110284064
wordnet_maker_110284064 -> wordnet_creator_109614315
wordnet_creator_109614315 -> wordnet_person_100007846
type: wordnet_manufacturer_110292316 True 


wordnet_mathematician_110301261 -> wordnet_scientist_110560637
wordnet_scientist_110560637 -> wordnet_person_100007846
type: wordnet_mathematician_110301261 True 


wordnet_mayor_110303814 -> wordnet_civil_authority_110541833
wordnet_civil_authority_110541833 -> wordnet_authority_109824609
wordnet_authority_109824609 -> wordnet_person_100007846
type: wordnet_mayor_110303814 True 


wordnet_medalist_110305062 -> wordnet_winner_110782940
wordnet_winner_110782940 -> wordnet_contestant_109613191
wordnet_contestant_109613191 -> wordnet_person_100007846
type: wordnet_medalist_110305062 True 


wordnet_memorial_103743902 -> wordnet_structure_104341686
wordnet_structure_104341686 -> wordnet_artifact_100021939
wordnet_artifact_100021939 -> wordnet_whole_100003553
wordnet_whole_100003553 -> wordnet_object_100002684
wordnet_object_100002684 -> wordnet_physical_entity_100001930
wordnet_physical_entity_100001930 -> wl:Thin
wordnet_structure_104341686 -> yagoGeoEntity
yagoGeoEntity -> yagoPermanentlyLocatedEntity
yagoPermanentlyLocatedEntity -> wl:Thin
type: wordnet_memorial_103743902 False 


wordnet_merchandise_103748886 -> wordnet_commodity_103076708
wordnet_commodity_103076708 -> wordnet_artifact_100021939
wordnet_artifact_100021939 -> wordnet_whole_100003553
wordnet_whole_100003553 -> wordnet_object_100002684
wordnet_object_100002684 -> wordnet_physical_entity_100001930
wordnet_physical_entity_100001930 -> wl:Thin
type: wordnet_merchandise_103748886 False 


wordnet_military_officer_110317007 -> wordnet_serviceman_110582746
wordnet_serviceman_110582746 -> wordnet_skilled_worker_110605985
wordnet_skilled_worker_110605985 -> wordnet_worker_109632518
wordnet_worker_109632518 -> wordnet_person_100007846
type: wordnet_military_officer_110317007 True 


wordnet_missionary_110322957 -> wordnet_teacher_110694258
wordnet_teacher_110694258 -> wordnet_educator_110045713
wordnet_educator_110045713 -> wordnet_professional_110480253
wordnet_professional_110480253 -> wordnet_adult_109605289
wordnet_adult_109605289 -> wordnet_person_100007846
type: wordnet_missionary_110322957 True 


wordnet_model_110324560 -> wordnet_assistant_109815790
wordnet_assistant_109815790 -> wordnet_worker_109632518
wordnet_worker_109632518 -> wordnet_person_100007846
type: wordnet_model_110324560 True 


wordnet_monastery_103781244 -> wordnet_religious_residence_104073948
wordnet_religious_residence_104073948 -> wordnet_residence_104079244
wordnet_residence_104079244 -> wordnet_house_103544360
wordnet_house_103544360 -> wordnet_building_102913152
wordnet_building_102913152 -> wordnet_structure_104341686
wordnet_structure_104341686 -> wordnet_artifact_100021939
wordnet_artifact_100021939 -> wordnet_whole_100003553
wordnet_whole_100003553 -> wordnet_object_100002684
wordnet_object_100002684 -> wordnet_physical_entity_100001930
wordnet_physical_entity_100001930 -> wl:Thin
wordnet_structure_104341686 -> yagoGeoEntity
yagoGeoEntity -> yagoPermanentlyLocatedEntity
yagoPermanentlyLocatedEntity -> wl:Thin
wordnet_house_103544360 -> wordnet_dwelling_103259505
wordnet_dwelling_103259505 -> wordnet_housing_103546340
wordnet_housing_103546340 -> wordnet_structure_104341686
wordnet_structure_104341686 -> wordnet_artifact_100021939
wordnet_artifact_100021939 -> wordnet_whole_100003553
wordnet_whole_100003553 -> wordnet_object_100002684
wordnet_object_100002684 -> wordnet_physical_entity_100001930
wordnet_physical_entity_100001930 -> wl:Thin
wordnet_structure_104341686 -> yagoGeoEntity
yagoGeoEntity -> yagoPermanentlyLocatedEntity
yagoPermanentlyLocatedEntity -> wl:Thin
type: wordnet_monastery_103781244 False 


wordnet_mosque_103788195 -> wordnet_place_of_worship_103953416
wordnet_place_of_worship_103953416 -> wordnet_building_102913152
wordnet_building_102913152 -> wordnet_structure_104341686
wordnet_structure_104341686 -> wordnet_artifact_100021939
wordnet_artifact_100021939 -> wordnet_whole_100003553
wordnet_whole_100003553 -> wordnet_object_100002684
wordnet_object_100002684 -> wordnet_physical_entity_100001930
wordnet_physical_entity_100001930 -> wl:Thin
wordnet_structure_104341686 -> yagoGeoEntity
yagoGeoEntity -> yagoPermanentlyLocatedEntity
yagoPermanentlyLocatedEntity -> wl:Thin
type: wordnet_mosque_103788195 False 


wordnet_motor_vehicle_103791235 -> wordnet_self-propelled_vehicle_104170037
wordnet_self-propelled_vehicle_104170037 -> wordnet_wheeled_vehicle_104576211
wordnet_wheeled_vehicle_104576211 -> wordnet_vehicle_104524313
wordnet_vehicle_104524313 -> wordnet_conveyance_103100490
wordnet_conveyance_103100490 -> wordnet_instrumentality_103575240
wordnet_instrumentality_103575240 -> wordnet_artifact_100021939
wordnet_artifact_100021939 -> wordnet_whole_100003553
wordnet_whole_100003553 -> wordnet_object_100002684
wordnet_object_100002684 -> wordnet_physical_entity_100001930
wordnet_physical_entity_100001930 -> wl:Thin
wordnet_wheeled_vehicle_104576211 -> wordnet_container_103094503
wordnet_container_103094503 -> wordnet_instrumentality_103575240
wordnet_instrumentality_103575240 -> wordnet_artifact_100021939
wordnet_artifact_100021939 -> wordnet_whole_100003553
wordnet_whole_100003553 -> wordnet_object_100002684
wordnet_object_100002684 -> wordnet_physical_entity_100001930
wordnet_physical_entity_100001930 -> wl:Thin
type: wordnet_motor_vehicle_103791235 False 


wordnet_mountain_109359803 -> wordnet_natural_elevation_109366317
wordnet_natural_elevation_109366317 -> wordnet_geological_formation_109287968
wordnet_geological_formation_109287968 -> yagoGeoEntity
yagoGeoEntity -> yagoPermanentlyLocatedEntity
yagoPermanentlyLocatedEntity -> wl:Thin
wordnet_geological_formation_109287968 -> wordnet_object_100002684
wordnet_object_100002684 -> wordnet_physical_entity_100001930
wordnet_physical_entity_100001930 -> wl:Thin
type: wordnet_mountain_109359803 False 


wordnet_movie_106613686 -> wordnet_product_104007894
wordnet_product_104007894 -> wordnet_creation_103129123
wordnet_creation_103129123 -> wordnet_artifact_100021939
wordnet_artifact_100021939 -> wordnet_whole_100003553
wordnet_whole_100003553 -> wordnet_object_100002684
wordnet_object_100002684 -> wordnet_physical_entity_100001930
wordnet_physical_entity_100001930 -> wl:Thin
wordnet_movie_106613686 -> wordnet_show_106619065
wordnet_show_106619065 -> wordnet_social_event_107288639
wordnet_social_event_107288639 -> wordnet_event_100029378
wordnet_event_100029378 -> wordnet_psychological_feature_100023100
wordnet_psychological_feature_100023100 -> wordnet_abstraction_100002137
wordnet_abstraction_100002137 -> wl:Thin
wordnet_event_100029378 -> yagoPermanentlyLocatedEntity
yagoPermanentlyLocatedEntity -> wl:Thin
type: wordnet_movie_106613686 False 


wordnet_musical_107019172 -> wordnet_play_107018931
wordnet_play_107018931 -> wordnet_show_106619065
wordnet_show_106619065 -> wordnet_social_event_107288639
wordnet_social_event_107288639 -> wordnet_event_100029378
wordnet_event_100029378 -> wordnet_psychological_feature_100023100
wordnet_psychological_feature_100023100 -> wordnet_abstraction_100002137
wordnet_abstraction_100002137 -> wl:Thin
wordnet_event_100029378 -> yagoPermanentlyLocatedEntity
yagoPermanentlyLocatedEntity -> wl:Thin
wordnet_musical_107019172 -> wordnet_movie_106613686
wordnet_movie_106613686 -> wordnet_product_104007894
wordnet_product_104007894 -> wordnet_creation_103129123
wordnet_creation_103129123 -> wordnet_artifact_100021939
wordnet_artifact_100021939 -> wordnet_whole_100003553
wordnet_whole_100003553 -> wordnet_object_100002684
wordnet_object_100002684 -> wordnet_physical_entity_100001930
wordnet_physical_entity_100001930 -> wl:Thin
wordnet_movie_106613686 -> wordnet_show_106619065
wordnet_show_106619065 -> wordnet_social_event_107288639
wordnet_social_event_107288639 -> wordnet_event_100029378
wordnet_event_100029378 -> wordnet_psychological_feature_100023100
wordnet_psychological_feature_100023100 -> wordnet_abstraction_100002137
wordnet_abstraction_100002137 -> wl:Thin
wordnet_event_100029378 -> yagoPermanentlyLocatedEntity
yagoPermanentlyLocatedEntity -> wl:Thin
type: wordnet_musical_107019172 False 


wordnet_musical_composition_107037465 -> wordnet_music_107020895
wordnet_music_107020895 -> wordnet_auditory_communication_107109019
wordnet_auditory_communication_107109019 -> wordnet_communication_100033020
wordnet_communication_100033020 -> wordnet_abstraction_100002137
wordnet_abstraction_100002137 -> wl:Thin
type: wordnet_musical_composition_107037465 False 


wordnet_musical_instrument_103800933 -> wordnet_device_103183080
wordnet_device_103183080 -> wordnet_instrumentality_103575240
wordnet_instrumentality_103575240 -> wordnet_artifact_100021939
wordnet_artifact_100021939 -> wordnet_whole_100003553
wordnet_whole_100003553 -> wordnet_object_100002684
wordnet_object_100002684 -> wordnet_physical_entity_100001930
wordnet_physical_entity_100001930 -> wl:Thin
type: wordnet_musical_instrument_103800933 False 


wordnet_musician_110340312 -> wordnet_musician_110339966
wordnet_musician_110339966 -> wordnet_artist_109812338
wordnet_artist_109812338 -> wordnet_creator_109614315
wordnet_creator_109614315 -> wordnet_person_100007846
type: wordnet_musician_110340312 True 


wordnet_noble_110271677 -> wordnet_male_aristocrat_110285135
wordnet_male_aristocrat_110285135 -> wordnet_aristocrat_109807754
wordnet_aristocrat_109807754 -> wordnet_leader_109623038
wordnet_leader_109623038 -> wordnet_person_100007846
type: wordnet_noble_110271677 True 


wordnet_novelist_110363573 -> wordnet_writer_110794014
wordnet_writer_110794014 -> wordnet_communicator_109610660
wordnet_communicator_109610660 -> wordnet_person_100007846
type: wordnet_novelist_110363573 True 


wordnet_oasis_108506496 -> wordnet_tract_108673395
wordnet_tract_108673395 -> wordnet_geographical_area_108574314
wordnet_geographical_area_108574314 -> wordnet_region_108630985
wordnet_region_108630985 -> wordnet_location_100027167
wordnet_location_100027167 -> yagoLegalActorGeo
yagoLegalActorGeo -> wl:Thin
wordnet_location_100027167 -> yagoGeoEntity
yagoGeoEntity -> yagoPermanentlyLocatedEntity
yagoPermanentlyLocatedEntity -> wl:Thin
wordnet_location_100027167 -> wordnet_object_100002684
wordnet_object_100002684 -> wordnet_physical_entity_100001930
wordnet_physical_entity_100001930 -> wl:Thin
type: wordnet_oasis_108506496 False 


wordnet_oilfield_108659861 -> wordnet_field_108659446
wordnet_field_108659446 -> wordnet_geographical_area_108574314
wordnet_geographical_area_108574314 -> wordnet_region_108630985
wordnet_region_108630985 -> wordnet_location_100027167
wordnet_location_100027167 -> yagoLegalActorGeo
yagoLegalActorGeo -> wl:Thin
wordnet_location_100027167 -> yagoGeoEntity
yagoGeoEntity -> yagoPermanentlyLocatedEntity
yagoPermanentlyLocatedEntity -> wl:Thin
wordnet_location_100027167 -> wordnet_object_100002684
wordnet_object_100002684 -> wordnet_physical_entity_100001930
wordnet_physical_entity_100001930 -> wl:Thin
type: wordnet_oilfield_108659861 False 


wordnet_organization_108008335 -> yagoPermanentlyLocatedEntity
yagoPermanentlyLocatedEntity -> wl:Thin
wordnet_organization_108008335 -> yagoLegalActor
yagoLegalActor -> yagoLegalActorGeo
yagoLegalActorGeo -> wl:Thin
wordnet_organization_108008335 -> wordnet_social_group_107950920
wordnet_social_group_107950920 -> wordnet_group_100031264
wordnet_group_100031264 -> wordnet_abstraction_100002137
wordnet_abstraction_100002137 -> wl:Thin
type: wordnet_organization_108008335 False 


wordnet_painter_110391653 -> wordnet_artist_109812338
wordnet_artist_109812338 -> wordnet_creator_109614315
wordnet_creator_109614315 -> wordnet_person_100007846
type: wordnet_painter_110391653 True 


wordnet_painting_103876519 -> wordnet_graphic_art_103453809
wordnet_graphic_art_103453809 -> wordnet_art_102743547
wordnet_art_102743547 -> wordnet_creation_103129123
wordnet_creation_103129123 -> wordnet_artifact_100021939
wordnet_artifact_100021939 -> wordnet_whole_100003553
wordnet_whole_100003553 -> wordnet_object_100002684
wordnet_object_100002684 -> wordnet_physical_entity_100001930
wordnet_physical_entity_100001930 -> wl:Thin
type: wordnet_painting_103876519 False 


wordnet_park_108615149 -> wordnet_tract_108673395
wordnet_tract_108673395 -> wordnet_geographical_area_108574314
wordnet_geographical_area_108574314 -> wordnet_region_108630985
wordnet_region_108630985 -> wordnet_location_100027167
wordnet_location_100027167 -> yagoLegalActorGeo
yagoLegalActorGeo -> wl:Thin
wordnet_location_100027167 -> yagoGeoEntity
yagoGeoEntity -> yagoPermanentlyLocatedEntity
yagoPermanentlyLocatedEntity -> wl:Thin
wordnet_location_100027167 -> wordnet_object_100002684
wordnet_object_100002684 -> wordnet_physical_entity_100001930
wordnet_physical_entity_100001930 -> wl:Thin
type: wordnet_park_108615149 False 


wordnet_party_108256968 -> wordnet_organization_108008335
wordnet_organization_108008335 -> yagoPermanentlyLocatedEntity
yagoPermanentlyLocatedEntity -> wl:Thin
wordnet_organization_108008335 -> yagoLegalActor
yagoLegalActor -> yagoLegalActorGeo
yagoLegalActorGeo -> wl:Thin
wordnet_organization_108008335 -> wordnet_social_group_107950920
wordnet_social_group_107950920 -> wordnet_group_100031264
wordnet_group_100031264 -> wordnet_abstraction_100002137
wordnet_abstraction_100002137 -> wl:Thin
type: wordnet_party_108256968 False 


wordnet_percussionist_110415037 -> wordnet_musician_110340312
wordnet_musician_110340312 -> wordnet_musician_110339966
wordnet_musician_110339966 -> wordnet_artist_109812338
wordnet_artist_109812338 -> wordnet_creator_109614315
wordnet_creator_109614315 -> wordnet_person_100007846
type: wordnet_percussionist_110415037 True 


wordnet_person_100007846 -> wordnet_organism_100004475
wordnet_organism_100004475 -> wordnet_living_thing_100004258
wordnet_living_thing_100004258 -> wordnet_whole_100003553
wordnet_whole_100003553 -> wordnet_object_100002684
wordnet_object_100002684 -> wordnet_physical_entity_100001930
wordnet_physical_entity_100001930 -> wl:Thin
wordnet_person_100007846 -> wordnet_causal_agent_100007347
wordnet_causal_agent_100007347 -> wordnet_physical_entity_100001930
wordnet_physical_entity_100001930 -> wl:Thin
wordnet_person_100007846 -> yagoLegalActor
yagoLegalActor -> yagoLegalActorGeo
yagoLegalActorGeo -> wl:Thin
type: wordnet_person_100007846 False 


wordnet_philosopher_110423589 -> wordnet_scholar_110557854
wordnet_scholar_110557854 -> wordnet_intellectual_109621545
wordnet_intellectual_109621545 -> wordnet_person_100007846
type: wordnet_philosopher_110423589 True 


wordnet_photographer_110426749 -> wordnet_artist_109812338
wordnet_artist_109812338 -> wordnet_creator_109614315
wordnet_creator_109614315 -> wordnet_person_100007846
type: wordnet_photographer_110426749 True 


wordnet_physicist_110428004 -> wordnet_scientist_110560637
wordnet_scientist_110560637 -> wordnet_person_100007846
type: wordnet_physicist_110428004 True 


wordnet_pianist_110430665 -> wordnet_musician_110340312
wordnet_musician_110340312 -> wordnet_musician_110339966
wordnet_musician_110339966 -> wordnet_artist_109812338
wordnet_artist_109812338 -> wordnet_creator_109614315
wordnet_creator_109614315 -> wordnet_person_100007846
type: wordnet_pianist_110430665 True 


wordnet_poet_110444194 -> wordnet_writer_110794014
wordnet_writer_110794014 -> wordnet_communicator_109610660
wordnet_communicator_109610660 -> wordnet_person_100007846
type: wordnet_poet_110444194 True 


wordnet_politician_110450303 -> wordnet_leader_109623038
wordnet_leader_109623038 -> wordnet_person_100007846
type: wordnet_politician_110450303 True 


wordnet_politician_110451263 -> wordnet_leader_109623038
wordnet_leader_109623038 -> wordnet_person_100007846
type: wordnet_politician_110451263 True 


wordnet_president_110467179 -> wordnet_head_of_state_110164747
wordnet_head_of_state_110164747 -> wordnet_representative_110522035
wordnet_representative_110522035 -> wordnet_negotiator_110351874
wordnet_negotiator_110351874 -> wordnet_communicator_109610660
wordnet_communicator_109610660 -> wordnet_person_100007846
type: wordnet_president_110467179 True 


wordnet_priest_110470779 -> wordnet_clergyman_109927451
wordnet_clergyman_109927451 -> wordnet_spiritual_leader_109505153
wordnet_spiritual_leader_109505153 -> wordnet_leader_109623038
wordnet_leader_109623038 -> wordnet_person_100007846
type: wordnet_priest_110470779 True 


wordnet_prince_110472799 -> wordnet_aristocrat_109807754
wordnet_aristocrat_109807754 -> wordnet_leader_109623038
wordnet_leader_109623038 -> wordnet_person_100007846
type: wordnet_prince_110472799 True 


wordnet_princess_110474064 -> wordnet_aristocrat_109807754
wordnet_aristocrat_109807754 -> wordnet_leader_109623038
wordnet_leader_109623038 -> wordnet_person_100007846
type: wordnet_princess_110474064 True 


wordnet_prisoner_110476086 -> wordnet_unfortunate_109630641
wordnet_unfortunate_109630641 -> wordnet_person_100007846
type: wordnet_prisoner_110476086 True 


wordnet_producer_110480018 -> wordnet_creator_109614315
wordnet_creator_109614315 -> wordnet_person_100007846
type: wordnet_producer_110480018 True 


wordnet_professor_110480730 -> wordnet_academician_109759069
wordnet_academician_109759069 -> wordnet_educator_110045713
wordnet_educator_110045713 -> wordnet_professional_110480253
wordnet_professional_110480253 -> wordnet_adult_109605289
wordnet_adult_109605289 -> wordnet_person_100007846
type: wordnet_professor_110480730 True 


wordnet_psychologist_110488865 -> wordnet_scientist_110560637
wordnet_scientist_110560637 -> wordnet_person_100007846
type: wordnet_psychologist_110488865 True 


wordnet_publication_106589574 -> wordnet_work_104599396
wordnet_work_104599396 -> wordnet_product_104007894
wordnet_product_104007894 -> wordnet_creation_103129123
wordnet_creation_103129123 -> wordnet_artifact_100021939
wordnet_artifact_100021939 -> wordnet_whole_100003553
wordnet_whole_100003553 -> wordnet_object_100002684
wordnet_object_100002684 -> wordnet_physical_entity_100001930
wordnet_physical_entity_100001930 -> wl:Thin
type: wordnet_publication_106589574 False 


wordnet_reformer_110515194 -> wordnet_disputant_109615465
wordnet_disputant_109615465 -> wordnet_person_100007846
type: wordnet_reformer_110515194 True 


wordnet_revolution_107424109 -> wordnet_change_107296428
wordnet_change_107296428 -> wordnet_happening_107283608
wordnet_happening_107283608 -> wordnet_event_100029378
wordnet_event_100029378 -> wordnet_psychological_feature_100023100
wordnet_psychological_feature_100023100 -> wordnet_abstraction_100002137
wordnet_abstraction_100002137 -> wl:Thin
wordnet_event_100029378 -> yagoPermanentlyLocatedEntity
yagoPermanentlyLocatedEntity -> wl:Thin
type: wordnet_revolution_107424109 False 


wordnet_riot_101170502 -> wordnet_violence_100965404
wordnet_violence_100965404 -> wordnet_aggression_100964569
wordnet_aggression_100964569 -> wordnet_action_100037396
wordnet_action_100037396 -> wordnet_act_100030358
wordnet_act_100030358 -> wordnet_event_100029378
wordnet_event_100029378 -> wordnet_psychological_feature_100023100
wordnet_psychological_feature_100023100 -> wordnet_abstraction_100002137
wordnet_abstraction_100002137 -> wl:Thin
wordnet_event_100029378 -> yagoPermanentlyLocatedEntity
yagoPermanentlyLocatedEntity -> wl:Thin
type: wordnet_riot_101170502 False 


wordnet_river_109411430 -> wordnet_stream_109448361
wordnet_stream_109448361 -> wordnet_body_of_water_109225146
wordnet_body_of_water_109225146 -> yagoGeoEntity
yagoGeoEntity -> yagoPermanentlyLocatedEntity
yagoPermanentlyLocatedEntity -> wl:Thin
wordnet_body_of_water_109225146 -> wordnet_thing_100002452
wordnet_thing_100002452 -> wordnet_physical_entity_100001930
wordnet_physical_entity_100001930 -> wl:Thin
type: wordnet_river_109411430 False 


wordnet_ruler_110541229 -> wordnet_person_100007846
type: wordnet_ruler_110541229 True 


wordnet_runner_110542888 -> wordnet_athlete_109820263
wordnet_athlete_109820263 -> wordnet_contestant_109613191
wordnet_contestant_109613191 -> wordnet_person_100007846
type: wordnet_runner_110542888 True 


wordnet_saint_110546850 -> wordnet_good_person_110138767
wordnet_good_person_110138767 -> wordnet_person_100007846
type: wordnet_saint_110546850 True 


wordnet_scholar_110557854 -> wordnet_intellectual_109621545
wordnet_intellectual_109621545 -> wordnet_person_100007846
type: wordnet_scholar_110557854 True 


wordnet_scientist_110560637 -> wordnet_person_100007846
type: wordnet_scientist_110560637 True 


wordnet_sculptor_110566072 -> wordnet_artist_109812338
wordnet_artist_109812338 -> wordnet_creator_109614315
wordnet_creator_109614315 -> wordnet_person_100007846
type: wordnet_sculptor_110566072 True 


wordnet_senator_110578471 -> wordnet_legislator_110253995
wordnet_legislator_110253995 -> wordnet_lawgiver_110249270
wordnet_lawgiver_110249270 -> wordnet_leader_109623038
wordnet_leader_109623038 -> wordnet_person_100007846
type: wordnet_senator_110578471 True 


wordnet_ship_104194289 -> wordnet_vessel_104530566
wordnet_vessel_104530566 -> wordnet_craft_103125870
wordnet_craft_103125870 -> wordnet_vehicle_104524313
wordnet_vehicle_104524313 -> wordnet_conveyance_103100490
wordnet_conveyance_103100490 -> wordnet_instrumentality_103575240
wordnet_instrumentality_103575240 -> wordnet_artifact_100021939
wordnet_artifact_100021939 -> wordnet_whole_100003553
wordnet_whole_100003553 -> wordnet_object_100002684
wordnet_object_100002684 -> wordnet_physical_entity_100001930
wordnet_physical_entity_100001930 -> wl:Thin
type: wordnet_ship_104194289 False 


wordnet_singer_110599806 -> wordnet_musician_110340312
wordnet_musician_110340312 -> wordnet_musician_110339966
wordnet_musician_110339966 -> wordnet_artist_109812338
wordnet_artist_109812338 -> wordnet_creator_109614315
wordnet_creator_109614315 -> wordnet_person_100007846
type: wordnet_singer_110599806 True 


wordnet_soccer_player_110618342 -> wordnet_athlete_109820263
wordnet_athlete_109820263 -> wordnet_contestant_109613191
wordnet_contestant_109613191 -> wordnet_person_100007846
type: wordnet_soccer_player_110618342 True 


wordnet_social_scientist_110619642 -> wordnet_scientist_110560637
wordnet_scientist_110560637 -> wordnet_person_100007846
type: wordnet_social_scientist_110619642 True 


wordnet_socialist_110618848 -> wordnet_politician_110450303
wordnet_politician_110450303 -> wordnet_leader_109623038
wordnet_leader_109623038 -> wordnet_person_100007846
type: wordnet_socialist_110618848 True 


wordnet_song_107048000 -> wordnet_musical_composition_107037465
wordnet_musical_composition_107037465 -> wordnet_music_107020895
wordnet_music_107020895 -> wordnet_auditory_communication_107109019
wordnet_auditory_communication_107109019 -> wordnet_communication_100033020
wordnet_communication_100033020 -> wordnet_abstraction_100002137
wordnet_abstraction_100002137 -> wl:Thin
type: wordnet_song_107048000 False 


wordnet_songwriter_110624540 -> wordnet_composer_109947232
wordnet_composer_109947232 -> wordnet_musician_110339966
wordnet_musician_110339966 -> wordnet_artist_109812338
wordnet_artist_109812338 -> wordnet_creator_109614315
wordnet_creator_109614315 -> wordnet_person_100007846
type: wordnet_songwriter_110624540 True 


wordnet_sovereign_110628644 -> wordnet_head_of_state_110164747
wordnet_head_of_state_110164747 -> wordnet_representative_110522035
wordnet_representative_110522035 -> wordnet_negotiator_110351874
wordnet_negotiator_110351874 -> wordnet_communicator_109610660
wordnet_communicator_109610660 -> wordnet_person_100007846
type: wordnet_sovereign_110628644 True 


wordnet_spiritual_leader_109505153 -> wordnet_leader_109623038
wordnet_leader_109623038 -> wordnet_person_100007846
type: wordnet_spiritual_leader_109505153 True 


wordnet_swimmer_110683349 -> wordnet_athlete_109820263
wordnet_athlete_109820263 -> wordnet_contestant_109613191
wordnet_contestant_109613191 -> wordnet_person_100007846
type: wordnet_swimmer_110683349 True 


wordnet_system_104377057 -> wordnet_instrumentality_103575240
wordnet_instrumentality_103575240 -> wordnet_artifact_100021939
wordnet_artifact_100021939 -> wordnet_whole_100003553
wordnet_whole_100003553 -> wordnet_object_100002684
wordnet_object_100002684 -> wordnet_physical_entity_100001930
wordnet_physical_entity_100001930 -> wl:Thin
type: wordnet_system_104377057 False 


wordnet_teacher_110694258 -> wordnet_educator_110045713
wordnet_educator_110045713 -> wordnet_professional_110480253
wordnet_professional_110480253 -> wordnet_adult_109605289
wordnet_adult_109605289 -> wordnet_person_100007846
type: wordnet_teacher_110694258 True 


wordnet_team_108208560 -> wordnet_unit_108189659
wordnet_unit_108189659 -> wordnet_organization_108008335
wordnet_organization_108008335 -> yagoPermanentlyLocatedEntity
yagoPermanentlyLocatedEntity -> wl:Thin
wordnet_organization_108008335 -> yagoLegalActor
yagoLegalActor -> yagoLegalActorGeo
yagoLegalActorGeo -> wl:Thin
wordnet_organization_108008335 -> wordnet_social_group_107950920
wordnet_social_group_107950920 -> wordnet_group_100031264
wordnet_group_100031264 -> wordnet_abstraction_100002137
wordnet_abstraction_100002137 -> wl:Thin
type: wordnet_team_108208560 False 


wordnet_temple_104407435 -> wordnet_place_of_worship_103953416
wordnet_place_of_worship_103953416 -> wordnet_building_102913152
wordnet_building_102913152 -> wordnet_structure_104341686
wordnet_structure_104341686 -> wordnet_artifact_100021939
wordnet_artifact_100021939 -> wordnet_whole_100003553
wordnet_whole_100003553 -> wordnet_object_100002684
wordnet_object_100002684 -> wordnet_physical_entity_100001930
wordnet_physical_entity_100001930 -> wl:Thin
wordnet_structure_104341686 -> yagoGeoEntity
yagoGeoEntity -> yagoPermanentlyLocatedEntity
yagoPermanentlyLocatedEntity -> wl:Thin
type: wordnet_temple_104407435 False 


wordnet_tennis_player_110701180 -> wordnet_player_110439851
wordnet_player_110439851 -> wordnet_contestant_109613191
wordnet_contestant_109613191 -> wordnet_person_100007846
type: wordnet_tennis_player_110701180 True 


wordnet_theologian_110705615 -> wordnet_scholar_110557854
wordnet_scholar_110557854 -> wordnet_intellectual_109621545
wordnet_intellectual_109621545 -> wordnet_person_100007846
type: wordnet_theologian_110705615 True 


wordnet_tower_104460130 -> wordnet_structure_104341686
wordnet_structure_104341686 -> wordnet_artifact_100021939
wordnet_artifact_100021939 -> wordnet_whole_100003553
wordnet_whole_100003553 -> wordnet_object_100002684
wordnet_object_100002684 -> wordnet_physical_entity_100001930
wordnet_physical_entity_100001930 -> wl:Thin
wordnet_structure_104341686 -> yagoGeoEntity
yagoGeoEntity -> yagoPermanentlyLocatedEntity
yagoPermanentlyLocatedEntity -> wl:Thin
type: wordnet_tower_104460130 False 


wordnet_town_108665504 -> wordnet_municipality_108626283
wordnet_municipality_108626283 -> wordnet_administrative_district_108491826
wordnet_administrative_district_108491826 -> wordnet_district_108552138
wordnet_district_108552138 -> wordnet_region_108630985
wordnet_region_108630985 -> wordnet_location_100027167
wordnet_location_100027167 -> yagoLegalActorGeo
yagoLegalActorGeo -> wl:Thin
wordnet_location_100027167 -> yagoGeoEntity
yagoGeoEntity -> yagoPermanentlyLocatedEntity
yagoPermanentlyLocatedEntity -> wl:Thin
wordnet_location_100027167 -> wordnet_object_100002684
wordnet_object_100002684 -> wordnet_physical_entity_100001930
wordnet_physical_entity_100001930 -> wl:Thin
wordnet_municipality_108626283 -> wordnet_urban_area_108675967
wordnet_urban_area_108675967 -> wordnet_geographical_area_108574314
wordnet_geographical_area_108574314 -> wordnet_region_108630985
wordnet_region_108630985 -> wordnet_location_100027167
wordnet_location_100027167 -> yagoLegalActorGeo
yagoLegalActorGeo -> wl:Thin
wordnet_location_100027167 -> yagoGeoEntity
yagoGeoEntity -> yagoPermanentlyLocatedEntity
yagoPermanentlyLocatedEntity -> wl:Thin
wordnet_location_100027167 -> wordnet_object_100002684
wordnet_object_100002684 -> wordnet_physical_entity_100001930
wordnet_physical_entity_100001930 -> wl:Thin
type: wordnet_town_108665504 False 


wordnet_trainer_110722575 -> wordnet_leader_109623038
wordnet_leader_109623038 -> wordnet_person_100007846
type: wordnet_trainer_110722575 True 


wordnet_university_108286163 -> wordnet_body_107965085
wordnet_body_107965085 -> wordnet_social_group_107950920
wordnet_social_group_107950920 -> wordnet_group_100031264
wordnet_group_100031264 -> wordnet_abstraction_100002137
wordnet_abstraction_100002137 -> wl:Thin
type: wordnet_university_108286163 False 


wordnet_vegetarian_110747119 -> wordnet_eater_110042300
wordnet_eater_110042300 -> wordnet_consumer_109612848
wordnet_consumer_109612848 -> wordnet_user_110741590
wordnet_user_110741590 -> wordnet_person_100007846
type: wordnet_vegetarian_110747119 True 


wordnet_village_108672738 -> wordnet_settlement_108672562
wordnet_settlement_108672562 -> wordnet_geographical_area_108574314
wordnet_geographical_area_108574314 -> wordnet_region_108630985
wordnet_region_108630985 -> wordnet_location_100027167
wordnet_location_100027167 -> yagoLegalActorGeo
yagoLegalActorGeo -> wl:Thin
wordnet_location_100027167 -> yagoGeoEntity
yagoGeoEntity -> yagoPermanentlyLocatedEntity
yagoPermanentlyLocatedEntity -> wl:Thin
wordnet_location_100027167 -> wordnet_object_100002684
wordnet_object_100002684 -> wordnet_physical_entity_100001930
wordnet_physical_entity_100001930 -> wl:Thin
type: wordnet_village_108672738 False 


wordnet_violinist_110754578 -> wordnet_musician_110340312
wordnet_musician_110340312 -> wordnet_musician_110339966
wordnet_musician_110339966 -> wordnet_artist_109812338
wordnet_artist_109812338 -> wordnet_creator_109614315
wordnet_creator_109614315 -> wordnet_person_100007846
type: wordnet_violinist_110754578 True 


wordnet_war_100973077 -> wordnet_military_action_100952963
wordnet_military_action_100952963 -> wordnet_group_action_101080366
wordnet_group_action_101080366 -> wordnet_act_100030358
wordnet_act_100030358 -> wordnet_event_100029378
wordnet_event_100029378 -> wordnet_psychological_feature_100023100
wordnet_psychological_feature_100023100 -> wordnet_abstraction_100002137
wordnet_abstraction_100002137 -> wl:Thin
wordnet_event_100029378 -> yagoPermanentlyLocatedEntity
yagoPermanentlyLocatedEntity -> wl:Thin
wordnet_group_action_101080366 -> wordnet_event_100029378
wordnet_event_100029378 -> wordnet_psychological_feature_100023100
wordnet_psychological_feature_100023100 -> wordnet_abstraction_100002137
wordnet_abstraction_100002137 -> wl:Thin
wordnet_event_100029378 -> yagoPermanentlyLocatedEntity
yagoPermanentlyLocatedEntity -> wl:Thin
type: wordnet_war_100973077 False 


wordnet_windstorm_111527014 -> wordnet_storm_111462526
wordnet_storm_111462526 -> wordnet_atmospheric_phenomenon_111425580
wordnet_atmospheric_phenomenon_111425580 -> wordnet_physical_phenomenon_111419404
wordnet_physical_phenomenon_111419404 -> wordnet_natural_phenomenon_111408559
wordnet_natural_phenomenon_111408559 -> wordnet_phenomenon_100034213
wordnet_phenomenon_100034213 -> wordnet_process_100029677
wordnet_process_100029677 -> wordnet_physical_entity_100001930
wordnet_physical_entity_100001930 -> wl:Thin
type: wordnet_windstorm_111527014 False 


wordnet_wrestler_110793168 -> wordnet_combatant_109939313
wordnet_combatant_109939313 -> wordnet_person_100007846
type: wordnet_wrestler_110793168 True 


wordnet_writer_110794014 -> wordnet_communicator_109610660
wordnet_communicator_109610660 -> wordnet_person_100007846
type: wordnet_writer_110794014 True 


write 174 
