prospectTeam	221
president	2135
formerCoach	190
profession	164
college	2316
outflow	5
militaryRank	87
party	1776
associate	5
religion	602
composer	47
subsequentWork	4
keyPerson	74
tenant	106
illustrator	10
deputy	419
spouse	3426
notableWork	292
partner	327
place	50
musicComposer	511
draftTeam	2185
portrayer	249
builder	134
formerTeam	6642
parent	1204
routeStart	127
editor	6
formerBroadcastNetwork	147
rightTributary	13
formerHighschool	43
vicePresident	229
rival	17
deathCause	13
recordedIn	14
nearestCity	19
birthPlace	6136
predecessor	1513
training	847
division	1
owningOrganisation	38
usedInWar	22
discoverer	5
designer	39
lieutenant	3
borough	7
locatedInArea	80
operator	197
field	1
developer	145
currentPartner	154
producer	1120
part	1
foundedBy	83
incumbent	57
bandMember	71
doctoralAdvisor	553
successor	3749
parentCompany	338
album	67
award	1278
executiveProducer	7
designCompany	14
servingRailwayLine	81
capital	19
broadcastNetwork	100
anthem	1
debutTeam	3004
targetAirport	20
province	54
placeOfBurial	75
appointer	136
narrator	501
editing	513
relation	846
mountainRange	50
mergedIntoParty	40
presenter	19
country	3998
launchSite	13
architect	79
formerBandMember	116
battle	910
federalState	2
hubAirport	90
isPartOf	98
subsidiary	184
locationCity	121
primeMinister	1780
monarch	449
recordLabel	1483
sourceRegion	2
sisterStation	174
employer	1246
largestCity	17
education	1624
parentMountainPeak	13
trainer	835
creator	208
child	1123
author	545
militaryUnit	511
almaMater	3926
routeJunction	155
knownFor	2168
formerChoreographer	7
inflow	5
artist	521
headquarter	211
commandStructure	27
otherParty	535
bodyDiscovered	22
operatedBy	128
distributingLabel	9
broadcastArea	55
routeEnd	127
headquarters	44
relatedMeanOfTransportation	126
nationality	2661
school	148
source	21
previousWork	32
whaDraftTeam	175
service	2
governingBody	5
formerPartner	76
owningCompany	312
influencedBy	2424
manager	1
associatedMusicalArtist	6661
governor	229
crosses	25
city	224
chancellor	154
basedOn	17
affiliation	71
automobilePlatform	17
influenced	975
industry	2
foundationPlace	182
homeport	5
board	93
director	658
restingPlace	360
deathPlace	3707
destination	17
majorShrine	81
language	14
regionServed	119
region	592
riverMouth	84
series	67
highschool	189
assembly	63
vehicle	41
maintainedBy	21
ground	50
sourceCountry	44
sourcePlace	5
lyrics	4
publisher	224
musicalArtist	413
cinematography	501
district	172
veneratedIn	28
significantBuilding	94
beatifiedBy	28
managerClub	3661
product	153
billed	16
garrison	74
residence	1720
genre	9
location	1040
leftTributary	6
type	313
parentOrganisation	2
leaderName	3
doctoralStudent	154
splitFromParty	1
family	22
writer	949
stateOfOrigin	716
occupation	2025
hometown	1144
locationCountry	92
musicBy	10
militaryBranch	1360
format	34
team	8954
league	1820
relative	555
sourceMountain	5
musicalBand	413
mouthCountry	15
manufacturer	77
company	28
owner	536
associatedBand	6661
computingPlatform	92
starring	1110
campus	14
operatingSystem	12
voice	94
state	305
academicAdvisor	307
citizenship	465
network	101
opponent	51
order	1
isPartOfMilitaryConflict	59
leader	41
distributor	139
mouthPlace	18
university	183
coach	47
origin	68
binomialAuthority	2
instrument	449
canonizedBy	31
distributingCompany	9
notableCommander	5
commander	20
channel	32
mouthMountain	18
